::1 - - [17/Apr/2020:18:47:25 +0800] "GET / HTTP/1.1" 200 13819
::1 - - [17/Apr/2020:18:47:26 +0800] "GET /favicon.ico HTTP/1.1" 404 196
::1 - - [18/Apr/2020:11:16:45 +0800] "GET / HTTP/1.1" 200 13819
::1 - - [18/Apr/2020:17:50:15 +0800] "GET / HTTP/1.1" 200 13819
::1 - - [18/Apr/2020:17:51:12 +0800] "GET /hello.php HTTP/1.1" 200 227
::1 - - [18/Apr/2020:18:04:09 +0800] "GET /hello.php HTTP/1.1" 200 227
::1 - - [18/Apr/2020:18:08:45 +0800] "GET /hello.php HTTP/1.1" 200 192
::1 - - [18/Apr/2020:18:09:29 +0800] "GET /hello.php HTTP/1.1" 200 246
::1 - - [18/Apr/2020:18:25:01 +0800] "GET /hello.php HTTP/1.1" 200 301
::1 - - [18/Apr/2020:18:36:49 +0800] "GET /oho_info.php HTTP/1.1" 404 196
::1 - - [18/Apr/2020:18:36:58 +0800] "GET /php_info.php HTTP/1.1" 200 68604
::1 - - [18/Apr/2020:19:08:02 +0800] "GET /hello.php HTTP/1.1" 200 161
::1 - - [18/Apr/2020:19:08:29 +0800] "GET /hello.php HTTP/1.1" 200 161
::1 - - [18/Apr/2020:19:08:32 +0800] "GET /hello.php HTTP/1.1" 200 161
::1 - - [18/Apr/2020:19:08:34 +0800] "GET /php_info.php HTTP/1.1" 200 68684
::1 - - [18/Apr/2020:19:08:45 +0800] "GET /hello.php HTTP/1.1" 200 161
::1 - - [18/Apr/2020:19:08:59 +0800] "GET /hello.php HTTP/1.1" 200 356
::1 - - [18/Apr/2020:19:09:09 +0800] "GET /hello.php HTTP/1.1" 200 161
::1 - - [18/Apr/2020:19:09:21 +0800] "GET /hello.php HTTP/1.1" 200 161
::1 - - [18/Apr/2020:19:09:22 +0800] "GET /hello.php HTTP/1.1" 200 161
::1 - - [18/Apr/2020:19:09:22 +0800] "GET /hello.php HTTP/1.1" 200 161
::1 - - [18/Apr/2020:19:11:33 +0800] "GET /hello.php HTTP/1.1" 200 161
::1 - - [18/Apr/2020:19:11:36 +0800] "GET /php_info.php HTTP/1.1" 200 68920
::1 - - [18/Apr/2020:19:11:39 +0800] "GET /php_info.php HTTP/1.1" 200 68789
::1 - - [18/Apr/2020:19:11:48 +0800] "GET /php_info.php HTTP/1.1" 200 68920
::1 - - [18/Apr/2020:19:11:50 +0800] "GET /php_info.php HTTP/1.1" 200 68790
::1 - - [18/Apr/2020:19:12:20 +0800] "GET /php_info.php HTTP/1.1" 200 68920
::1 - - [18/Apr/2020:19:12:52 +0800] "GET /php_info.php HTTP/1.1" 200 68919
::1 - - [18/Apr/2020:19:13:01 +0800] "GET /hello.php HTTP/1.1" 200 161
::1 - - [18/Apr/2020:19:13:36 +0800] "GET /hello.php HTTP/1.1" 200 584
::1 - - [18/Apr/2020:19:21:11 +0800] "GET /hello.php HTTP/1.1" 200 584
::1 - - [18/Apr/2020:19:22:06 +0800] "GET /hello.php HTTP/1.1" 200 361
::1 - - [18/Apr/2020:19:39:50 +0800] "GET /hello.php HTTP/1.1" 200 584
::1 - - [18/Apr/2020:19:41:16 +0800] "GET /hello.php HTTP/1.1" 200 584
::1 - - [18/Apr/2020:19:41:23 +0800] "GET /hello.php HTTP/1.1" 200 584
::1 - - [18/Apr/2020:19:45:40 +0800] "GET /hello.php HTTP/1.1" 200 584
::1 - - [18/Apr/2020:19:46:02 +0800] "GET /hello.php HTTP/1.1" 200 584
::1 - - [18/Apr/2020:19:48:37 +0800] "GET /hello.php HTTP/1.1" 200 584
::1 - - [18/Apr/2020:19:48:44 +0800] "GET /php_info.php HTTP/1.1" 200 68920
::1 - - [18/Apr/2020:19:50:18 +0800] "GET /hello.php HTTP/1.1" 200 584
::1 - - [18/Apr/2020:19:50:20 +0800] "GET /hello.php HTTP/1.1" 200 584
::1 - - [18/Apr/2020:19:57:36 +0800] "GET /hello.php HTTP/1.1" 200 584
::1 - - [18/Apr/2020:19:59:13 +0800] "GET /hello.php HTTP/1.1" 200 584
::1 - - [18/Apr/2020:20:02:49 +0800] "GET /hello.php HTTP/1.1" 200 584
::1 - - [18/Apr/2020:20:02:52 +0800] "GET /hello.php HTTP/1.1" 200 584
::1 - - [19/Apr/2020:11:52:16 +0800] "GET / HTTP/1.1" 200 13819
::1 - - [19/Apr/2020:11:52:18 +0800] "GET /favicon.ico HTTP/1.1" 404 196
::1 - - [19/Apr/2020:11:52:34 +0800] "GET /hello.php HTTP/1.1" 200 584
::1 - - [19/Apr/2020:11:52:49 +0800] "GET /hello.php HTTP/1.1" 200 579
::1 - - [19/Apr/2020:11:54:16 +0800] "GET /hello.php HTTP/1.1" 200 584
::1 - - [19/Apr/2020:11:54:28 +0800] "GET /hello.php HTTP/1.1" 200 584
::1 - - [19/Apr/2020:11:54:54 +0800] "GET /hello.php HTTP/1.1" 200 584
::1 - - [19/Apr/2020:11:54:55 +0800] "GET /hello.php HTTP/1.1" 200 584
::1 - - [19/Apr/2020:11:54:58 +0800] "GET /hello.php HTTP/1.1" 200 584
::1 - - [19/Apr/2020:11:54:58 +0800] "GET /hello.php HTTP/1.1" 200 584
::1 - - [19/Apr/2020:11:55:01 +0800] "GET /hello.php HTTP/1.1" 200 584
::1 - - [19/Apr/2020:11:55:15 +0800] "GET /hello.php HTTP/1.1" 200 584
::1 - - [19/Apr/2020:11:55:15 +0800] "GET /hello.php HTTP/1.1" 200 584
::1 - - [19/Apr/2020:11:55:16 +0800] "GET /hello.php HTTP/1.1" 200 584
::1 - - [19/Apr/2020:11:55:16 +0800] "GET /hello.php HTTP/1.1" 200 584
::1 - - [19/Apr/2020:11:56:15 +0800] "GET /hello.php HTTP/1.1" 200 584
::1 - - [19/Apr/2020:11:56:33 +0800] "GET /php_info.php HTTP/1.1" 200 68974
::1 - - [19/Apr/2020:12:01:10 +0800] "GET /hello.php HTTP/1.1" 200 645
::1 - - [19/Apr/2020:12:01:11 +0800] "GET /hello.php HTTP/1.1" 200 645
::1 - - [19/Apr/2020:12:01:35 +0800] "GET /hello.php HTTP/1.1" 200 645
::1 - - [19/Apr/2020:12:01:35 +0800] "GET /hello.php HTTP/1.1" 200 645
::1 - - [19/Apr/2020:12:13:32 +0800] "GET /hello.php HTTP/1.1" 200 584
::1 - - [19/Apr/2020:12:13:34 +0800] "GET /hello.php HTTP/1.1" 200 584
::1 - - [19/Apr/2020:12:13:34 +0800] "GET /hello.php HTTP/1.1" 200 584
::1 - - [19/Apr/2020:12:13:34 +0800] "GET /hello.php HTTP/1.1" 200 584
::1 - - [19/Apr/2020:12:13:35 +0800] "GET /hello.php HTTP/1.1" 200 584
::1 - - [19/Apr/2020:12:13:35 +0800] "GET /hello.php HTTP/1.1" 200 584
::1 - - [19/Apr/2020:12:13:35 +0800] "GET /hello.php HTTP/1.1" 200 584
::1 - - [19/Apr/2020:12:13:35 +0800] "GET /hello.php HTTP/1.1" 200 584
::1 - - [19/Apr/2020:12:13:36 +0800] "GET /hello.php HTTP/1.1" 200 584
::1 - - [19/Apr/2020:12:13:36 +0800] "GET /hello.php HTTP/1.1" 200 584
::1 - - [19/Apr/2020:12:13:36 +0800] "GET /hello.php HTTP/1.1" 200 584
::1 - - [19/Apr/2020:12:13:37 +0800] "GET /hello.php HTTP/1.1" 200 584
::1 - - [19/Apr/2020:12:13:37 +0800] "GET /hello.php HTTP/1.1" 200 584
::1 - - [19/Apr/2020:12:19:00 +0800] "GET /php_info.php HTTP/1.1" 200 69210
::1 - - [19/Apr/2020:12:26:04 +0800] "GET /php_info.php HTTP/1.1" 200 69210
::1 - - [19/Apr/2020:12:27:14 +0800] "GET /php_info.php HTTP/1.1" 200 69210
::1 - - [19/Apr/2020:12:35:10 +0800] "GET /php_info.php HTTP/1.1" 200 69210
::1 - - [19/Apr/2020:12:35:12 +0800] "GET /php_info.php HTTP/1.1" 200 69080
::1 - - [19/Apr/2020:12:35:24 +0800] "GET /php_info.php HTTP/1.1" 200 69209
::1 - - [19/Apr/2020:12:36:32 +0800] "GET /php_info.php HTTP/1.1" 200 69210
::1 - - [19/Apr/2020:12:36:59 +0800] "GET /hello.php HTTP/1.1" 200 584
::1 - - [19/Apr/2020:12:38:34 +0800] "GET /php_info.php HTTP/1.1" 200 69211
::1 - - [19/Apr/2020:12:41:20 +0800] "GET /hello.php HTTP/1.1" 200 584
::1 - - [19/Apr/2020:12:41:35 +0800] "GET /hello.php HTTP/1.1" 200 361
127.0.0.1 - - [19/Apr/2020:12:42:58 +0800] "GET /php_info.php HTTP/1.1" 200 68999
127.0.0.1 - - [19/Apr/2020:12:42:59 +0800] "GET /favicon.ico HTTP/1.1" 404 196
::1 - - [19/Apr/2020:13:02:04 +0800] "GET /php_info.php HTTP/1.1" 200 69211
127.0.0.1 - - [19/Apr/2020:13:02:05 +0800] "GET /php_info.php HTTP/1.1" 200 68999
127.0.0.1 - - [19/Apr/2020:13:03:39 +0800] "GET /php_info.php HTTP/1.1" 200 69235
::1 - - [19/Apr/2020:13:09:25 +0800] "GET /hello.php HTTP/1.1" 200 584
::1 - - [19/Apr/2020:13:10:37 +0800] "GET /hello.php HTTP/1.1" 200 584
::1 - - [19/Apr/2020:13:10:38 +0800] "GET /hello.php HTTP/1.1" 200 584
::1 - - [19/Apr/2020:13:10:39 +0800] "GET /hello.php HTTP/1.1" 200 584
::1 - - [19/Apr/2020:13:10:39 +0800] "GET /hello.php HTTP/1.1" 200 584
::1 - - [19/Apr/2020:13:11:13 +0800] "GET /php_info.php HTTP/1.1" 200 69210
::1 - - [19/Apr/2020:13:11:41 +0800] "GET /hello.php HTTP/1.1" 200 584
::1 - - [19/Apr/2020:13:12:20 +0800] "GET /hello.php HTTP/1.1" 200 584
::1 - - [19/Apr/2020:13:12:21 +0800] "GET /hello.php HTTP/1.1" 200 584
::1 - - [19/Apr/2020:13:12:21 +0800] "GET /hello.php HTTP/1.1" 200 584
::1 - - [19/Apr/2020:13:12:36 +0800] "GET /hello.php HTTP/1.1" 200 584
::1 - - [19/Apr/2020:13:12:38 +0800] "GET /hello.php HTTP/1.1" 200 584
::1 - - [19/Apr/2020:13:13:15 +0800] "GET /hello.php HTTP/1.1" 200 583
::1 - - [19/Apr/2020:13:13:16 +0800] "GET /hello.php HTTP/1.1" 200 583
::1 - - [19/Apr/2020:13:13:16 +0800] "GET /hello.php HTTP/1.1" 200 583
::1 - - [19/Apr/2020:13:13:17 +0800] "GET /hello.php HTTP/1.1" 200 583
::1 - - [19/Apr/2020:13:13:17 +0800] "GET /hello.php HTTP/1.1" 200 583
::1 - - [19/Apr/2020:13:13:18 +0800] "GET /hello.php HTTP/1.1" 200 583
::1 - - [19/Apr/2020:13:14:02 +0800] "GET /hello.php HTTP/1.1" 200 584
::1 - - [19/Apr/2020:13:14:52 +0800] "GET /hello.php HTTP/1.1" 200 584
::1 - - [19/Apr/2020:13:14:53 +0800] "GET /hello.php HTTP/1.1" 200 584
::1 - - [19/Apr/2020:13:15:34 +0800] "GET /php_info.php HTTP/1.1" 200 69210
::1 - - [19/Apr/2020:13:15:35 +0800] "GET /php_info.php HTTP/1.1" 200 69079
::1 - - [19/Apr/2020:13:20:54 +0800] "GET /hello.php HTTP/1.1" 200 584
::1 - - [19/Apr/2020:13:25:40 +0800] "GET /hello.php HTTP/1.1" 200 843
::1 - - [19/Apr/2020:13:26:31 +0800] "GET /hello.php HTTP/1.1" 200 382
::1 - - [19/Apr/2020:13:28:20 +0800] "GET /hello.php HTTP/1.1" 200 373
::1 - - [19/Apr/2020:13:30:10 +0800] "GET /hello.php HTTP/1.1" 200 373
::1 - - [19/Apr/2020:13:30:11 +0800] "GET /hello.php HTTP/1.1" 200 373
::1 - - [19/Apr/2020:13:30:11 +0800] "GET /hello.php HTTP/1.1" 200 373
::1 - - [19/Apr/2020:13:30:12 +0800] "GET /hello.php HTTP/1.1" 200 373
::1 - - [19/Apr/2020:13:30:12 +0800] "GET /hello.php HTTP/1.1" 200 373
::1 - - [19/Apr/2020:13:31:25 +0800] "GET /php_info.php HTTP/1.1" 200 69210
::1 - - [19/Apr/2020:13:33:57 +0800] "GET /hello.php HTTP/1.1" 200 384
::1 - - [19/Apr/2020:13:33:58 +0800] "GET /hello.php HTTP/1.1" 200 384
::1 - - [19/Apr/2020:13:33:58 +0800] "GET /hello.php HTTP/1.1" 200 384
::1 - - [19/Apr/2020:13:33:59 +0800] "GET /hello.php HTTP/1.1" 200 384
::1 - - [19/Apr/2020:13:34:05 +0800] "GET /hello.php HTTP/1.1" 200 384
::1 - - [19/Apr/2020:13:35:01 +0800] "GET /php_info.php HTTP/1.1" 200 69210
::1 - - [19/Apr/2020:13:36:33 +0800] "GET /hello.php HTTP/1.1" 200 172
::1 - - [19/Apr/2020:13:37:41 +0800] "GET /hello.php HTTP/1.1" 200 418
::1 - - [19/Apr/2020:13:38:44 +0800] "GET /hello.php HTTP/1.1" 200 418
::1 - - [19/Apr/2020:13:38:45 +0800] "GET /hello.php HTTP/1.1" 200 418
::1 - - [19/Apr/2020:13:38:45 +0800] "GET /hello.php HTTP/1.1" 200 418
::1 - - [19/Apr/2020:13:38:46 +0800] "GET /hello.php HTTP/1.1" 200 418
::1 - - [19/Apr/2020:13:42:20 +0800] "GET /php_info.php HTTP/1.1" 200 69210
::1 - - [19/Apr/2020:13:42:21 +0800] "GET /php_info.php HTTP/1.1" 200 69080
::1 - - [19/Apr/2020:13:42:23 +0800] "GET /php_info.php HTTP/1.1" 200 69080
::1 - - [19/Apr/2020:13:42:24 +0800] "GET /php_info.php HTTP/1.1" 200 69080
::1 - - [19/Apr/2020:13:42:24 +0800] "GET /php_info.php HTTP/1.1" 200 69080
::1 - - [19/Apr/2020:13:42:25 +0800] "GET /php_info.php HTTP/1.1" 200 69080
::1 - - [19/Apr/2020:13:42:25 +0800] "GET /php_info.php HTTP/1.1" 200 69080
::1 - - [19/Apr/2020:13:42:37 +0800] "GET /php_info.php HTTP/1.1" 200 69210
::1 - - [19/Apr/2020:13:44:05 +0800] "GET /php_info.php HTTP/1.1" 200 69210
::1 - - [19/Apr/2020:15:29:50 +0800] "GET /favicon.ico HTTP/1.1" 404 196
127.0.0.1 - - [19/Apr/2020:15:45:43 +0800] "GET /favicon.ico HTTP/1.1" 404 196
::1 - - [19/Apr/2020:15:50:02 +0800] "GET /hello.php HTTP/1.1" 200 662
::1 - - [19/Apr/2020:15:50:46 +0800] "GET /hello.php HTTP/1.1" 200 644
::1 - - [19/Apr/2020:15:50:47 +0800] "GET /hello.php HTTP/1.1" 200 644
::1 - - [19/Apr/2020:15:50:48 +0800] "GET /hello.php HTTP/1.1" 200 644
::1 - - [19/Apr/2020:15:50:48 +0800] "GET /hello.php HTTP/1.1" 200 644
::1 - - [19/Apr/2020:15:50:49 +0800] "GET /hello.php HTTP/1.1" 200 644
::1 - - [19/Apr/2020:15:52:59 +0800] "GET /hello.php HTTP/1.1" 200 418
::1 - - [19/Apr/2020:15:53:57 +0800] "GET /hello.php HTTP/1.1" 200 662
::1 - - [19/Apr/2020:15:59:00 +0800] "GET /php_info.php HTTP/1.1" 200 69369
::1 - - [19/Apr/2020:16:01:17 +0800] "GET /hello.php HTTP/1.1" 200 662
::1 - - [19/Apr/2020:16:01:31 +0800] "GET /hello.php HTTP/1.1" 200 418
::1 - - [19/Apr/2020:16:03:10 +0800] "GET /hello.php HTTP/1.1" 200 793
::1 - - [19/Apr/2020:16:07:07 +0800] "GET /php_info.php HTTP/1.1" 200 69348
::1 - - [19/Apr/2020:16:07:48 +0800] "GET /phpMyAdmin/index.php HTTP/1.1" 404 196
::1 - - [19/Apr/2020:16:11:32 +0800] "GET /mysqli.php HTTP/1.1" 200 275
::1 - - [19/Apr/2020:16:13:20 +0800] "GET /hello.php HTTP/1.1" 200 418
::1 - - [19/Apr/2020:16:16:19 +0800] "GET /hello.php HTTP/1.1" 200 663
::1 - - [19/Apr/2020:16:16:50 +0800] "GET /hello.php HTTP/1.1" 200 663
::1 - - [19/Apr/2020:16:16:51 +0800] "GET /hello.php HTTP/1.1" 200 663
::1 - - [19/Apr/2020:16:17:16 +0800] "GET /hello.php HTTP/1.1" 200 663
::1 - - [19/Apr/2020:16:17:36 +0800] "GET /php_info.php HTTP/1.1" 200 69396
::1 - - [19/Apr/2020:16:24:49 +0800] "GET /hello.php HTTP/1.1" 200 172
::1 - - [19/Apr/2020:16:29:30 +0800] "GET /hello.php HTTP/1.1" 200 40
::1 - - [19/Apr/2020:16:30:11 +0800] "GET /hello.php HTTP/1.1" 200 313
::1 - - [21/Apr/2020:15:40:00 +0800] "GET /hello.php HTTP/1.1" 200 332
::1 - - [21/Apr/2020:15:40:22 +0800] "GET /hello.php HTTP/1.1" 200 332
::1 - - [21/Apr/2020:15:40:45 +0800] "GET /hello.php HTTP/1.1" 200 315
::1 - - [21/Apr/2020:15:42:18 +0800] "GET /hello.php HTTP/1.1" 200 332
::1 - - [21/Apr/2020:16:00:08 +0800] "GET /hello.php HTTP/1.1" 200 313
::1 - - [21/Apr/2020:16:00:44 +0800] "GET /hello.php HTTP/1.1" 200 313
::1 - - [21/Apr/2020:16:00:44 +0800] "GET /hello.php HTTP/1.1" 200 313
::1 - - [21/Apr/2020:16:01:22 +0800] "GET /hello.php HTTP/1.1" 200 61
::1 - - [21/Apr/2020:16:01:56 +0800] "GET /hello.php HTTP/1.1" 200 52
::1 - - [21/Apr/2020:16:09:14 +0800] "GET /hello.php HTTP/1.1" 200 334
::1 - - [21/Apr/2020:16:18:26 +0800] "GET /hello.php HTTP/1.1" 200 333
::1 - - [21/Apr/2020:16:18:27 +0800] "GET /hello.php HTTP/1.1" 200 333
::1 - - [21/Apr/2020:16:19:18 +0800] "GET /hello.php HTTP/1.1" 200 333
::1 - - [21/Apr/2020:16:19:18 +0800] "GET /hello.php HTTP/1.1" 200 333
::1 - - [21/Apr/2020:16:19:19 +0800] "GET /hello.php HTTP/1.1" 200 333
::1 - - [21/Apr/2020:16:19:19 +0800] "GET /hello.php HTTP/1.1" 200 333
::1 - - [21/Apr/2020:16:19:28 +0800] "GET /hello.php HTTP/1.1" 200 334
::1 - - [21/Apr/2020:16:19:29 +0800] "GET /hello.php HTTP/1.1" 200 334
::1 - - [21/Apr/2020:16:19:29 +0800] "GET /hello.php HTTP/1.1" 200 334
::1 - - [21/Apr/2020:16:19:30 +0800] "GET /hello.php HTTP/1.1" 200 334
::1 - - [21/Apr/2020:16:19:30 +0800] "GET /hello.php HTTP/1.1" 200 334
